INFO beacon_localidade: 
Id_beacon: 7
data_beacon: 2018-07-04 15:37:21.786666
Id_item_monitorado: 3
Desc_Item: Televisão
Id_ambiente: 1
Desc_ambiente: Consultório 01
Data: 04/07/2018 15:37:24.296

INFO beacon_localidade: 
Id_beacon: 5
data_beacon: 2018-07-04 15:37:21.483333
Id_item_monitorado: 2
Desc_Item: MacBook de r13
Id_ambiente: 1
Desc_ambiente: Consultório 01
Data: 04/07/2018 15:37:24.297

INFO beacon_localidade: 
Id_beacon: 2
data_beacon: 2018-07-04 15:37:20.853333
Id_item_monitorado: 1
Desc_Item: iMac de r13
Id_ambiente: 1
Desc_ambiente: Consultório 01
Data: 04/07/2018 15:37:24.297

INFO beacon_localidade: 
Id_beacon: 7
data_beacon: 2018-07-04 15:37:10.720000
Id_item_monitorado: 3
Desc_Item: Televisão
Id_ambiente: 1
Desc_ambiente: Consultório 01
Data: 04/07/2018 15:37:24.297

INFO beacon_localidade: 
Id_beacon: 5
data_beacon: 2018-07-04 15:37:10.630000
Id_item_monitorado: 2
Desc_Item: MacBook de r13
Id_ambiente: 1
Desc_ambiente: Consultório 01
Data: 04/07/2018 15:37:24.297

INFO beacon_localidade: 
Id_beacon: 2
data_beacon: 2018-07-04 15:37:10.433333
Id_item_monitorado: 1
Desc_Item: iMac de r13
Id_ambiente: 1
Desc_ambiente: Consultório 01
Data: 04/07/2018 15:37:24.297

INFO beacon_localidade: 
Id_beacon: 7
data_beacon: 2018-07-04 15:37:00.243333
Id_item_monitorado: 3
Desc_Item: Televisão
Id_ambiente: 1
Desc_ambiente: Consultório 01
Data: 04/07/2018 15:37:24.297

INFO beacon_localidade: 
Id_beacon: 5
data_beacon: 2018-07-04 15:37:00.100000
Id_item_monitorado: 2
Desc_Item: MacBook de r13
Id_ambiente: 1
Desc_ambiente: Consultório 01
Data: 04/07/2018 15:37:24.297

INFO beacon_localidade: 
Id_beacon: 2
data_beacon: 2018-07-04 15:36:59.946666
Id_item_monitorado: 1
Desc_Item: iMac de r13
Id_ambiente: 1
Desc_ambiente: Consultório 01
Data: 04/07/2018 15:37:24.297

INFO beacon_localidade: 
Id_beacon: 7
data_beacon: 2018-07-04 15:36:49.830000
Id_item_monitorado: 3
Desc_Item: Televisão
Id_ambiente: 1
Desc_ambiente: Consultório 01
Data: 04/07/2018 15:37:24.297

INFO beacon_localidade: 
Id_beacon: 5
data_beacon: 2018-07-04 15:36:49.716666
Id_item_monitorado: 2
Desc_Item: MacBook de r13
Id_ambiente: 1
Desc_ambiente: Consultório 01
Data: 04/07/2018 15:37:24.297

INFO beacon_localidade: 
Id_beacon: 2
data_beacon: 2018-07-04 15:36:49.553333
Id_item_monitorado: 1
Desc_Item: iMac de r13
Id_ambiente: 1
Desc_ambiente: Consultório 01
Data: 04/07/2018 15:37:24.297

INFO beacon_localidade: 
Id_beacon: 7
data_beacon: 2018-07-04 15:36:39.413333
Id_item_monitorado: 3
Desc_Item: Televisão
Id_ambiente: 1
Desc_ambiente: Consultório 01
Data: 04/07/2018 15:37:24.297

INFO beacon_localidade: 
Id_beacon: 5
data_beacon: 2018-07-04 15:36:39.240000
Id_item_monitorado: 2
Desc_Item: MacBook de r13
Id_ambiente: 1
Desc_ambiente: Consultório 01
Data: 04/07/2018 15:37:24.297

INFO beacon_localidade: 
Id_beacon: 2
data_beacon: 2018-07-04 15:36:38.986666
Id_item_monitorado: 1
Desc_Item: iMac de r13
Id_ambiente: 1
Desc_ambiente: Consultório 01
Data: 04/07/2018 15:37:24.297

INFO beacon_localidade: 
Id_beacon: 7
data_beacon: 2018-07-04 15:36:28.880000
Id_item_monitorado: 3
Desc_Item: Televisão
Id_ambiente: 1
Desc_ambiente: Consultório 01
Data: 04/07/2018 15:37:24.298

INFO beacon_localidade: 
Id_beacon: 5
data_beacon: 2018-07-04 15:36:28.706666
Id_item_monitorado: 2
Desc_Item: MacBook de r13
Id_ambiente: 1
Desc_ambiente: Consultório 01
Data: 04/07/2018 15:37:24.298

INFO beacon_localidade: 
Id_beacon: 2
data_beacon: 2018-07-04 15:36:28.493333
Id_item_monitorado: 1
Desc_Item: iMac de r13
Id_ambiente: 1
Desc_ambiente: Consultório 01
Data: 04/07/2018 15:37:24.298

INFO beacon_localidade: 
Id_beacon: 7
data_beacon: 2018-07-04 15:36:18.263333
Id_item_monitorado: 3
Desc_Item: Televisão
Id_ambiente: 1
Desc_ambiente: Consultório 01
Data: 04/07/2018 15:37:24.298

INFO beacon_localidade: 
Id_beacon: 5
data_beacon: 2018-07-04 15:36:18.140000
Id_item_monitorado: 2
Desc_Item: MacBook de r13
Id_ambiente: 1
Desc_ambiente: Consultório 01
Data: 04/07/2018 15:37:24.298

INFO beacon_localidade: 
Id_beacon: 2
data_beacon: 2018-07-04 15:36:17.980000
Id_item_monitorado: 1
Desc_Item: iMac de r13
Id_ambiente: 1
Desc_ambiente: Consultório 01
Data: 04/07/2018 15:37:24.298

INFO beacon_localidade: 
Id_beacon: 7
data_beacon: 2018-07-04 15:36:07.796666
Id_item_monitorado: 3
Desc_Item: Televisão
Id_ambiente: 1
Desc_ambiente: Consultório 01
Data: 04/07/2018 15:37:24.298

INFO beacon_localidade: 
Id_beacon: 5
data_beacon: 2018-07-04 15:36:07.710000
Id_item_monitorado: 2
Desc_Item: MacBook de r13
Id_ambiente: 1
Desc_ambiente: Consultório 01
Data: 04/07/2018 15:37:24.298

INFO beacon_localidade: 
Id_beacon: 2
data_beacon: 2018-07-04 15:36:07.346666
Id_item_monitorado: 1
Desc_Item: iMac de r13
Id_ambiente: 1
Desc_ambiente: Consultório 01
Data: 04/07/2018 15:37:24.298

INFO beacon_localidade: 
Id_beacon: 7
data_beacon: 2018-07-04 15:35:57.140000
Id_item_monitorado: 3
Desc_Item: Televisão
Id_ambiente: 1
Desc_ambiente: Consultório 01
Data: 04/07/2018 15:37:24.298

INFO beacon_localidade: 
Id_beacon: 5
data_beacon: 2018-07-04 15:35:57.050000
Id_item_monitorado: 2
Desc_Item: MacBook de r13
Id_ambiente: 1
Desc_ambiente: Consultório 01
Data: 04/07/2018 15:37:24.298

INFO beacon_localidade: 
Id_beacon: 2
data_beacon: 2018-07-04 15:35:56.836666
Id_item_monitorado: 1
Desc_Item: iMac de r13
Id_ambiente: 1
Desc_ambiente: Consultório 01
Data: 04/07/2018 15:37:24.298

INFO beacon_localidade: 
Id_beacon: 7
data_beacon: 2018-07-04 15:35:46.713333
Id_item_monitorado: 3
Desc_Item: Televisão
Id_ambiente: 1
Desc_ambiente: Consultório 01
Data: 04/07/2018 15:37:24.298

INFO beacon_localidade: 
Id_beacon: 5
data_beacon: 2018-07-04 15:35:46.600000
Id_item_monitorado: 2
Desc_Item: MacBook de r13
Id_ambiente: 1
Desc_ambiente: Consultório 01
Data: 04/07/2018 15:37:24.298

INFO beacon_localidade: 
Id_beacon: 2
data_beacon: 2018-07-04 15:35:46.420000
Id_item_monitorado: 1
Desc_Item: iMac de r13
Id_ambiente: 1
Desc_ambiente: Consultório 01
Data: 04/07/2018 15:37:24.298

INFO beacon_localidade: 
Id_beacon: 7
data_beacon: 2018-07-04 15:35:36.256666
Id_item_monitorado: 3
Desc_Item: Televisão
Id_ambiente: 1
Desc_ambiente: Consultório 01
Data: 04/07/2018 15:37:24.298

INFO beacon_localidade: 
Id_beacon: 5
data_beacon: 2018-07-04 15:35:36.166666
Id_item_monitorado: 2
Desc_Item: MacBook de r13
Id_ambiente: 1
Desc_ambiente: Consultório 01
Data: 04/07/2018 15:37:24.298

INFO beacon_localidade: 
Id_beacon: 2
data_beacon: 2018-07-04 15:35:35.990000
Id_item_monitorado: 1
Desc_Item: iMac de r13
Id_ambiente: 1
Desc_ambiente: Consultório 01
Data: 04/07/2018 15:37:24.298

INFO beacon_localidade: 
Id_beacon: 7
data_beacon: 2018-07-04 15:35:25.806666
Id_item_monitorado: 3
Desc_Item: Televisão
Id_ambiente: 1
Desc_ambiente: Consultório 01
Data: 04/07/2018 15:37:24.298

INFO beacon_localidade: 
Id_beacon: 5
data_beacon: 2018-07-04 15:35:25.696666
Id_item_monitorado: 2
Desc_Item: MacBook de r13
Id_ambiente: 1
Desc_ambiente: Consultório 01
Data: 04/07/2018 15:37:24.299

INFO beacon_localidade: 
Id_beacon: 2
data_beacon: 2018-07-04 15:35:25.110000
Id_item_monitorado: 1
Desc_Item: iMac de r13
Id_ambiente: 1
Desc_ambiente: Consultório 01
Data: 04/07/2018 15:37:24.299

INFO beacon_localidade: 
Id_beacon: 7
data_beacon: 2018-07-04 15:35:14.990000
Id_item_monitorado: 3
Desc_Item: Televisão
Id_ambiente: 1
Desc_ambiente: Consultório 01
Data: 04/07/2018 15:37:24.299

INFO beacon_localidade: 
Id_beacon: 5
data_beacon: 2018-07-04 15:35:14.853333
Id_item_monitorado: 2
Desc_Item: MacBook de r13
Id_ambiente: 1
Desc_ambiente: Consultório 01
Data: 04/07/2018 15:37:24.299

INFO beacon_localidade: 
Id_beacon: 2
data_beacon: 2018-07-04 15:35:14.656666
Id_item_monitorado: 1
Desc_Item: iMac de r13
Id_ambiente: 1
Desc_ambiente: Consultório 01
Data: 04/07/2018 15:37:24.299

INFO beacon_localidade: 
Id_beacon: 7
data_beacon: 2018-07-04 15:35:04.530000
Id_item_monitorado: 3
Desc_Item: Televisão
Id_ambiente: 1
Desc_ambiente: Consultório 01
Data: 04/07/2018 15:37:24.299

INFO beacon_localidade: 
Id_beacon: 5
data_beacon: 2018-07-04 15:35:04.410000
Id_item_monitorado: 2
Desc_Item: MacBook de r13
Id_ambiente: 1
Desc_ambiente: Consultório 01
Data: 04/07/2018 15:37:24.299

INFO beacon_localidade: 
Id_beacon: 2
data_beacon: 2018-07-04 15:35:04.093333
Id_item_monitorado: 1
Desc_Item: iMac de r13
Id_ambiente: 1
Desc_ambiente: Consultório 01
Data: 04/07/2018 15:37:24.299

INFO beacon_localidade: 
Id_beacon: 7
data_beacon: 2018-07-04 15:34:53.956666
Id_item_monitorado: 3
Desc_Item: Televisão
Id_ambiente: 1
Desc_ambiente: Consultório 01
Data: 04/07/2018 15:37:24.299

INFO beacon_localidade: 
Id_beacon: 5
data_beacon: 2018-07-04 15:34:53.866666
Id_item_monitorado: 2
Desc_Item: MacBook de r13
Id_ambiente: 1
Desc_ambiente: Consultório 01
Data: 04/07/2018 15:37:24.299

INFO beacon_localidade: 
Id_beacon: 2
data_beacon: 2018-07-04 15:34:53.723333
Id_item_monitorado: 1
Desc_Item: iMac de r13
Id_ambiente: 1
Desc_ambiente: Consultório 01
Data: 04/07/2018 15:37:24.299

INFO beacon_localidade: 
Id_beacon: 7
data_beacon: 2018-07-04 15:34:43.616666
Id_item_monitorado: 3
Desc_Item: Televisão
Id_ambiente: 1
Desc_ambiente: Consultório 01
Data: 04/07/2018 15:37:24.299

INFO beacon_localidade: 
Id_beacon: 5
data_beacon: 2018-07-04 15:34:43.526666
Id_item_monitorado: 2
Desc_Item: MacBook de r13
Id_ambiente: 1
Desc_ambiente: Consultório 01
Data: 04/07/2018 15:37:24.299

INFO beacon_localidade: 
Id_beacon: 2
data_beacon: 2018-07-04 15:34:43.360000
Id_item_monitorado: 1
Desc_Item: iMac de r13
Id_ambiente: 1
Desc_ambiente: Consultório 01
Data: 04/07/2018 15:37:24.299

INFO beacon_localidade: 
Id_beacon: 7
data_beacon: 2018-07-04 15:34:33.230000
Id_item_monitorado: 3
Desc_Item: Televisão
Id_ambiente: 1
Desc_ambiente: Consultório 01
Data: 04/07/2018 15:37:24.299

INFO beacon_localidade: 
Id_beacon: 5
data_beacon: 2018-07-04 15:34:33.070000
Id_item_monitorado: 2
Desc_Item: MacBook de r13
Id_ambiente: 1
Desc_ambiente: Consultório 01
Data: 04/07/2018 15:37:24.299

INFO beacon_localidade: 
Id_beacon: 2
data_beacon: 2018-07-04 15:34:32.906666
Id_item_monitorado: 1
Desc_Item: iMac de r13
Id_ambiente: 1
Desc_ambiente: Consultório 01
Data: 04/07/2018 15:37:24.299

INFO beacon_localidade: 
Id_beacon: 7
data_beacon: 2018-07-04 15:34:22.793333
Id_item_monitorado: 3
Desc_Item: Televisão
Id_ambiente: 1
Desc_ambiente: Consultório 01
Data: 04/07/2018 15:37:24.299

INFO beacon_localidade: 
Id_beacon: 5
data_beacon: 2018-07-04 15:34:22.676666
Id_item_monitorado: 2
Desc_Item: MacBook de r13
Id_ambiente: 1
Desc_ambiente: Consultório 01
Data: 04/07/2018 15:37:24.299

INFO beacon_localidade: 
Id_beacon: 2
data_beacon: 2018-07-04 15:34:22.503333
Id_item_monitorado: 1
Desc_Item: iMac de r13
Id_ambiente: 1
Desc_ambiente: Consultório 01
Data: 04/07/2018 15:37:24.299

INFO beacon_localidade: 
Id_beacon: 7
data_beacon: 2018-07-04 15:34:12.393333
Id_item_monitorado: 3
Desc_Item: Televisão
Id_ambiente: 1
Desc_ambiente: Consultório 01
Data: 04/07/2018 15:37:24.300

INFO beacon_localidade: 
Id_beacon: 5
data_beacon: 2018-07-04 15:34:12.320000
Id_item_monitorado: 2
Desc_Item: MacBook de r13
Id_ambiente: 1
Desc_ambiente: Consultório 01
Data: 04/07/2018 15:37:24.300

INFO beacon_localidade: 
Id_beacon: 2
data_beacon: 2018-07-04 15:34:12.153333
Id_item_monitorado: 1
Desc_Item: iMac de r13
Id_ambiente: 1
Desc_ambiente: Consultório 01
Data: 04/07/2018 15:37:24.300

INFO beacon_localidade: 
Id_beacon: 7
data_beacon: 2018-07-04 15:34:01.966666
Id_item_monitorado: 3
Desc_Item: Televisão
Id_ambiente: 1
Desc_ambiente: Consultório 01
Data: 04/07/2018 15:37:24.300

INFO beacon_localidade: 
Id_beacon: 5
data_beacon: 2018-07-04 15:34:01.853333
Id_item_monitorado: 2
Desc_Item: MacBook de r13
Id_ambiente: 1
Desc_ambiente: Consultório 01
Data: 04/07/2018 15:37:24.300

INFO beacon_localidade: 
Id_beacon: 2
data_beacon: 2018-07-04 15:34:01.600000
Id_item_monitorado: 1
Desc_Item: iMac de r13
Id_ambiente: 1
Desc_ambiente: Consultório 01
Data: 04/07/2018 15:37:24.300

INFO beacon_localidade: 
Id_beacon: 7
data_beacon: 2018-07-04 15:33:51.416666
Id_item_monitorado: 3
Desc_Item: Televisão
Id_ambiente: 1
Desc_ambiente: Consultório 01
Data: 04/07/2018 15:37:24.300

INFO beacon_localidade: 
Id_beacon: 5
data_beacon: 2018-07-04 15:33:51.296666
Id_item_monitorado: 2
Desc_Item: MacBook de r13
Id_ambiente: 1
Desc_ambiente: Consultório 01
Data: 04/07/2018 15:37:24.300

INFO beacon_localidade: 
Id_beacon: 2
data_beacon: 2018-07-04 15:33:51.150000
Id_item_monitorado: 1
Desc_Item: iMac de r13
Id_ambiente: 1
Desc_ambiente: Consultório 01
Data: 04/07/2018 15:37:24.300

INFO beacon_localidade: 
Id_beacon: 7
data_beacon: 2018-07-04 15:33:41.010000
Id_item_monitorado: 3
Desc_Item: Televisão
Id_ambiente: 1
Desc_ambiente: Consultório 01
Data: 04/07/2018 15:37:24.300

INFO beacon_localidade: 
Id_beacon: 5
data_beacon: 2018-07-04 15:33:40.873333
Id_item_monitorado: 2
Desc_Item: MacBook de r13
Id_ambiente: 1
Desc_ambiente: Consultório 01
Data: 04/07/2018 15:37:24.300

INFO beacon_localidade: 
Id_beacon: 2
data_beacon: 2018-07-04 15:33:40.650000
Id_item_monitorado: 1
Desc_Item: iMac de r13
Id_ambiente: 1
Desc_ambiente: Consultório 01
Data: 04/07/2018 15:37:24.300

INFO beacon_localidade: 
Id_beacon: 7
data_beacon: 2018-07-04 15:33:30.543333
Id_item_monitorado: 3
Desc_Item: Televisão
Id_ambiente: 1
Desc_ambiente: Consultório 01
Data: 04/07/2018 15:37:24.300

INFO beacon_localidade: 
Id_beacon: 5
data_beacon: 2018-07-04 15:33:30.440000
Id_item_monitorado: 2
Desc_Item: MacBook de r13
Id_ambiente: 1
Desc_ambiente: Consultório 01
Data: 04/07/2018 15:37:24.300

INFO beacon_localidade: 
Id_beacon: 2
data_beacon: 2018-07-04 15:33:30.243333
Id_item_monitorado: 1
Desc_Item: iMac de r13
Id_ambiente: 1
Desc_ambiente: Consultório 01
Data: 04/07/2018 15:37:24.300

INFO beacon_localidade: 
Id_beacon: 7
data_beacon: 2018-07-04 15:33:20.120000
Id_item_monitorado: 3
Desc_Item: Televisão
Id_ambiente: 1
Desc_ambiente: Consultório 01
Data: 04/07/2018 15:37:24.300

INFO beacon_localidade: 
Id_beacon: 5
data_beacon: 2018-07-04 15:33:20.013333
Id_item_monitorado: 2
Desc_Item: MacBook de r13
Id_ambiente: 1
Desc_ambiente: Consultório 01
Data: 04/07/2018 15:37:24.300

INFO beacon_localidade: 
Id_beacon: 2
data_beacon: 2018-07-04 15:33:19.796666
Id_item_monitorado: 1
Desc_Item: iMac de r13
Id_ambiente: 1
Desc_ambiente: Consultório 01
Data: 04/07/2018 15:37:24.300

INFO beacon_localidade: 
Id_beacon: 7
data_beacon: 2018-07-04 15:33:09.660000
Id_item_monitorado: 3
Desc_Item: Televisão
Id_ambiente: 1
Desc_ambiente: Consultório 01
Data: 04/07/2018 15:37:24.301

INFO beacon_localidade: 
Id_beacon: 5
data_beacon: 2018-07-04 15:33:09.556666
Id_item_monitorado: 2
Desc_Item: MacBook de r13
Id_ambiente: 1
Desc_ambiente: Consultório 01
Data: 04/07/2018 15:37:24.301

INFO beacon_localidade: 
Id_beacon: 2
data_beacon: 2018-07-04 15:33:09.383333
Id_item_monitorado: 1
Desc_Item: iMac de r13
Id_ambiente: 1
Desc_ambiente: Consultório 01
Data: 04/07/2018 15:37:24.301

INFO beacon_localidade: 
Id_beacon: 7
data_beacon: 2018-07-04 15:32:59.260000
Id_item_monitorado: 3
Desc_Item: Televisão
Id_ambiente: 1
Desc_ambiente: Consultório 01
Data: 04/07/2018 15:37:24.301

INFO beacon_localidade: 
Id_beacon: 5
data_beacon: 2018-07-04 15:32:59.163333
Id_item_monitorado: 2
Desc_Item: MacBook de r13
Id_ambiente: 1
Desc_ambiente: Consultório 01
Data: 04/07/2018 15:37:24.301

INFO beacon_localidade: 
Id_beacon: 2
data_beacon: 2018-07-04 15:32:58.986666
Id_item_monitorado: 1
Desc_Item: iMac de r13
Id_ambiente: 1
Desc_ambiente: Consultório 01
Data: 04/07/2018 15:37:24.301

INFO beacon_localidade: 
Id_beacon: 7
data_beacon: 2018-07-04 15:32:48.876666
Id_item_monitorado: 3
Desc_Item: Televisão
Id_ambiente: 1
Desc_ambiente: Consultório 01
Data: 04/07/2018 15:37:24.301

INFO beacon_localidade: 
Id_beacon: 5
data_beacon: 2018-07-04 15:32:48.690000
Id_item_monitorado: 2
Desc_Item: MacBook de r13
Id_ambiente: 1
Desc_ambiente: Consultório 01
Data: 04/07/2018 15:37:24.301

INFO beacon_localidade: 
Id_beacon: 2
data_beacon: 2018-07-04 15:32:48.523333
Id_item_monitorado: 1
Desc_Item: iMac de r13
Id_ambiente: 1
Desc_ambiente: Consultório 01
Data: 04/07/2018 15:37:24.301

INFO beacon_localidade: 
Id_beacon: 7
data_beacon: 2018-07-04 15:32:38.343333
Id_item_monitorado: 3
Desc_Item: Televisão
Id_ambiente: 1
Desc_ambiente: Consultório 01
Data: 04/07/2018 15:37:24.301

INFO beacon_localidade: 
Id_beacon: 5
data_beacon: 2018-07-04 15:32:38.306666
Id_item_monitorado: 2
Desc_Item: MacBook de r13
Id_ambiente: 1
Desc_ambiente: Consultório 01
Data: 04/07/2018 15:37:24.301

INFO beacon_localidade: 
Id_beacon: 2
data_beacon: 2018-07-04 15:32:38.163333
Id_item_monitorado: 1
Desc_Item: iMac de r13
Id_ambiente: 1
Desc_ambiente: Consultório 01
Data: 04/07/2018 15:37:24.302

INFO beacon_localidade: 
Id_beacon: 7
data_beacon: 2018-07-04 15:32:28.096666
Id_item_monitorado: 3
Desc_Item: Televisão
Id_ambiente: 1
Desc_ambiente: Consultório 01
Data: 04/07/2018 15:37:24.302

INFO beacon_localidade: 
Id_beacon: 5
data_beacon: 2018-07-04 15:32:28.056666
Id_item_monitorado: 2
Desc_Item: MacBook de r13
Id_ambiente: 1
Desc_ambiente: Consultório 01
Data: 04/07/2018 15:37:24.302

INFO beacon_localidade: 
Id_beacon: 2
data_beacon: 2018-07-04 15:32:27.976666
Id_item_monitorado: 1
Desc_Item: iMac de r13
Id_ambiente: 1
Desc_ambiente: Consultório 01
Data: 04/07/2018 15:37:24.302

INFO beacon_localidade: 
Id_beacon: 7
data_beacon: 2018-07-04 15:32:17.886666
Id_item_monitorado: 3
Desc_Item: Televisão
Id_ambiente: 1
Desc_ambiente: Consultório 01
Data: 04/07/2018 15:37:24.302

INFO beacon_localidade: 
Id_beacon: 5
data_beacon: 2018-07-04 15:32:17.810000
Id_item_monitorado: 2
Desc_Item: MacBook de r13
Id_ambiente: 1
Desc_ambiente: Consultório 01
Data: 04/07/2018 15:37:24.302

INFO beacon_localidade: 
Id_beacon: 2
data_beacon: 2018-07-04 15:32:17.636666
Id_item_monitorado: 1
Desc_Item: iMac de r13
Id_ambiente: 1
Desc_ambiente: Consultório 01
Data: 04/07/2018 15:37:24.302

INFO beacon_localidade: 
Id_beacon: 7
data_beacon: 2018-07-04 15:32:07.526666
Id_item_monitorado: 3
Desc_Item: Televisão
Id_ambiente: 1
Desc_ambiente: Consultório 01
Data: 04/07/2018 15:37:24.302

INFO beacon_localidade: 
Id_beacon: 5
data_beacon: 2018-07-04 15:32:07.460000
Id_item_monitorado: 2
Desc_Item: MacBook de r13
Id_ambiente: 1
Desc_ambiente: Consultório 01
Data: 04/07/2018 15:37:24.302

INFO beacon_localidade: 
Id_beacon: 2
data_beacon: 2018-07-04 15:32:07.300000
Id_item_monitorado: 1
Desc_Item: iMac de r13
Id_ambiente: 1
Desc_ambiente: Consultório 01
Data: 04/07/2018 15:37:24.302

INFO beacon_localidade: 
Id_beacon: 7
data_beacon: 2018-07-04 15:31:57.180000
Id_item_monitorado: 3
Desc_Item: Televisão
Id_ambiente: 1
Desc_ambiente: Consultório 01
Data: 04/07/2018 15:37:24.302

INFO beacon_localidade: 
Id_beacon: 5
data_beacon: 2018-07-04 15:31:57.086666
Id_item_monitorado: 2
Desc_Item: MacBook de r13
Id_ambiente: 1
Desc_ambiente: Consultório 01
Data: 04/07/2018 15:37:24.302

INFO beacon_localidade: 
Id_beacon: 2
data_beacon: 2018-07-04 15:31:56.920000
Id_item_monitorado: 1
Desc_Item: iMac de r13
Id_ambiente: 1
Desc_ambiente: Consultório 01
Data: 04/07/2018 15:37:24.302

INFO beacon_localidade: 
Id_beacon: 7
data_beacon: 2018-07-04 15:31:46.673333
Id_item_monitorado: 3
Desc_Item: Televisão
Id_ambiente: 1
Desc_ambiente: Consultório 01
Data: 04/07/2018 15:37:24.302

INFO beacon_localidade: 
Id_beacon: 5
data_beacon: 2018-07-04 15:31:46.610000
Id_item_monitorado: 2
Desc_Item: MacBook de r13
Id_ambiente: 1
Desc_ambiente: Consultório 01
Data: 04/07/2018 15:37:24.302

INFO beacon_localidade: 
Id_beacon: 2
data_beacon: 2018-07-04 15:31:46.456666
Id_item_monitorado: 1
Desc_Item: iMac de r13
Id_ambiente: 1
Desc_ambiente: Consultório 01
Data: 04/07/2018 15:37:24.302

INFO beacon_localidade: 
Id_beacon: 7
data_beacon: 2018-07-04 15:31:36.363333
Id_item_monitorado: 3
Desc_Item: Televisão
Id_ambiente: 1
Desc_ambiente: Consultório 01
Data: 04/07/2018 15:37:24.302

INFO beacon_localidade: 
Id_beacon: 7
data_beacon: 2018-07-04 15:37:21.786666
Id_item_monitorado: 3
Desc_Item: Televisão
Id_ambiente: 1
Desc_ambiente: Consultório 01
Data: 04/07/2018 15:37:30.310

INFO beacon_localidade: 
Id_beacon: 5
data_beacon: 2018-07-04 15:37:21.483333
Id_item_monitorado: 2
Desc_Item: MacBook de r13
Id_ambiente: 1
Desc_ambiente: Consultório 01
Data: 04/07/2018 15:37:30.310

INFO beacon_localidade: 
Id_beacon: 2
data_beacon: 2018-07-04 15:37:20.853333
Id_item_monitorado: 1
Desc_Item: iMac de r13
Id_ambiente: 1
Desc_ambiente: Consultório 01
Data: 04/07/2018 15:37:30.310

INFO beacon_localidade: 
Id_beacon: 7
data_beacon: 2018-07-04 15:37:10.720000
Id_item_monitorado: 3
Desc_Item: Televisão
Id_ambiente: 1
Desc_ambiente: Consultório 01
Data: 04/07/2018 15:37:30.310

INFO beacon_localidade: 
Id_beacon: 5
data_beacon: 2018-07-04 15:37:10.630000
Id_item_monitorado: 2
Desc_Item: MacBook de r13
Id_ambiente: 1
Desc_ambiente: Consultório 01
Data: 04/07/2018 15:37:30.310

INFO beacon_localidade: 
Id_beacon: 2
data_beacon: 2018-07-04 15:37:10.433333
Id_item_monitorado: 1
Desc_Item: iMac de r13
Id_ambiente: 1
Desc_ambiente: Consultório 01
Data: 04/07/2018 15:37:30.310

INFO beacon_localidade: 
Id_beacon: 7
data_beacon: 2018-07-04 15:37:00.243333
Id_item_monitorado: 3
Desc_Item: Televisão
Id_ambiente: 1
Desc_ambiente: Consultório 01
Data: 04/07/2018 15:37:30.310

INFO beacon_localidade: 
Id_beacon: 5
data_beacon: 2018-07-04 15:37:00.100000
Id_item_monitorado: 2
Desc_Item: MacBook de r13
Id_ambiente: 1
Desc_ambiente: Consultório 01
Data: 04/07/2018 15:37:30.310

INFO beacon_localidade: 
Id_beacon: 2
data_beacon: 2018-07-04 15:36:59.946666
Id_item_monitorado: 1
Desc_Item: iMac de r13
Id_ambiente: 1
Desc_ambiente: Consultório 01
Data: 04/07/2018 15:37:30.310

INFO beacon_localidade: 
Id_beacon: 7
data_beacon: 2018-07-04 15:36:49.830000
Id_item_monitorado: 3
Desc_Item: Televisão
Id_ambiente: 1
Desc_ambiente: Consultório 01
Data: 04/07/2018 15:37:30.310

INFO beacon_localidade: 
Id_beacon: 5
data_beacon: 2018-07-04 15:36:49.716666
Id_item_monitorado: 2
Desc_Item: MacBook de r13
Id_ambiente: 1
Desc_ambiente: Consultório 01
Data: 04/07/2018 15:37:30.310

INFO beacon_localidade: 
Id_beacon: 2
data_beacon: 2018-07-04 15:36:49.553333
Id_item_monitorado: 1
Desc_Item: iMac de r13
Id_ambiente: 1
Desc_ambiente: Consultório 01
Data: 04/07/2018 15:37:30.310

INFO beacon_localidade: 
Id_beacon: 7
data_beacon: 2018-07-04 15:36:39.413333
Id_item_monitorado: 3
Desc_Item: Televisão
Id_ambiente: 1
Desc_ambiente: Consultório 01
Data: 04/07/2018 15:37:30.310

INFO beacon_localidade: 
Id_beacon: 5
data_beacon: 2018-07-04 15:36:39.240000
Id_item_monitorado: 2
Desc_Item: MacBook de r13
Id_ambiente: 1
Desc_ambiente: Consultório 01
Data: 04/07/2018 15:37:30.310

INFO beacon_localidade: 
Id_beacon: 2
data_beacon: 2018-07-04 15:36:38.986666
Id_item_monitorado: 1
Desc_Item: iMac de r13
Id_ambiente: 1
Desc_ambiente: Consultório 01
Data: 04/07/2018 15:37:30.310

INFO beacon_localidade: 
Id_beacon: 7
data_beacon: 2018-07-04 15:36:28.880000
Id_item_monitorado: 3
Desc_Item: Televisão
Id_ambiente: 1
Desc_ambiente: Consultório 01
Data: 04/07/2018 15:37:30.310

INFO beacon_localidade: 
Id_beacon: 5
data_beacon: 2018-07-04 15:36:28.706666
Id_item_monitorado: 2
Desc_Item: MacBook de r13
Id_ambiente: 1
Desc_ambiente: Consultório 01
Data: 04/07/2018 15:37:30.310

INFO beacon_localidade: 
Id_beacon: 2
data_beacon: 2018-07-04 15:36:28.493333
Id_item_monitorado: 1
Desc_Item: iMac de r13
Id_ambiente: 1
Desc_ambiente: Consultório 01
Data: 04/07/2018 15:37:30.311

INFO beacon_localidade: 
Id_beacon: 7
data_beacon: 2018-07-04 15:36:18.263333
Id_item_monitorado: 3
Desc_Item: Televisão
Id_ambiente: 1
Desc_ambiente: Consultório 01
Data: 04/07/2018 15:37:30.311

INFO beacon_localidade: 
Id_beacon: 5
data_beacon: 2018-07-04 15:36:18.140000
Id_item_monitorado: 2
Desc_Item: MacBook de r13
Id_ambiente: 1
Desc_ambiente: Consultório 01
Data: 04/07/2018 15:37:30.311

INFO beacon_localidade: 
Id_beacon: 2
data_beacon: 2018-07-04 15:36:17.980000
Id_item_monitorado: 1
Desc_Item: iMac de r13
Id_ambiente: 1
Desc_ambiente: Consultório 01
Data: 04/07/2018 15:37:30.311

INFO beacon_localidade: 
Id_beacon: 7
data_beacon: 2018-07-04 15:36:07.796666
Id_item_monitorado: 3
Desc_Item: Televisão
Id_ambiente: 1
Desc_ambiente: Consultório 01
Data: 04/07/2018 15:37:30.311

INFO beacon_localidade: 
Id_beacon: 5
data_beacon: 2018-07-04 15:36:07.710000
Id_item_monitorado: 2
Desc_Item: MacBook de r13
Id_ambiente: 1
Desc_ambiente: Consultório 01
Data: 04/07/2018 15:37:30.311

INFO beacon_localidade: 
Id_beacon: 2
data_beacon: 2018-07-04 15:36:07.346666
Id_item_monitorado: 1
Desc_Item: iMac de r13
Id_ambiente: 1
Desc_ambiente: Consultório 01
Data: 04/07/2018 15:37:30.311

INFO beacon_localidade: 
Id_beacon: 7
data_beacon: 2018-07-04 15:35:57.140000
Id_item_monitorado: 3
Desc_Item: Televisão
Id_ambiente: 1
Desc_ambiente: Consultório 01
Data: 04/07/2018 15:37:30.311

INFO beacon_localidade: 
Id_beacon: 5
data_beacon: 2018-07-04 15:35:57.050000
Id_item_monitorado: 2
Desc_Item: MacBook de r13
Id_ambiente: 1
Desc_ambiente: Consultório 01
Data: 04/07/2018 15:37:30.311

INFO beacon_localidade: 
Id_beacon: 2
data_beacon: 2018-07-04 15:35:56.836666
Id_item_monitorado: 1
Desc_Item: iMac de r13
Id_ambiente: 1
Desc_ambiente: Consultório 01
Data: 04/07/2018 15:37:30.311

INFO beacon_localidade: 
Id_beacon: 7
data_beacon: 2018-07-04 15:35:46.713333
Id_item_monitorado: 3
Desc_Item: Televisão
Id_ambiente: 1
Desc_ambiente: Consultório 01
Data: 04/07/2018 15:37:30.311

INFO beacon_localidade: 
Id_beacon: 5
data_beacon: 2018-07-04 15:35:46.600000
Id_item_monitorado: 2
Desc_Item: MacBook de r13
Id_ambiente: 1
Desc_ambiente: Consultório 01
Data: 04/07/2018 15:37:30.311

INFO beacon_localidade: 
Id_beacon: 2
data_beacon: 2018-07-04 15:35:46.420000
Id_item_monitorado: 1
Desc_Item: iMac de r13
Id_ambiente: 1
Desc_ambiente: Consultório 01
Data: 04/07/2018 15:37:30.311

INFO beacon_localidade: 
Id_beacon: 7
data_beacon: 2018-07-04 15:35:36.256666
Id_item_monitorado: 3
Desc_Item: Televisão
Id_ambiente: 1
Desc_ambiente: Consultório 01
Data: 04/07/2018 15:37:30.311

INFO beacon_localidade: 
Id_beacon: 5
data_beacon: 2018-07-04 15:35:36.166666
Id_item_monitorado: 2
Desc_Item: MacBook de r13
Id_ambiente: 1
Desc_ambiente: Consultório 01
Data: 04/07/2018 15:37:30.311

INFO beacon_localidade: 
Id_beacon: 2
data_beacon: 2018-07-04 15:35:35.990000
Id_item_monitorado: 1
Desc_Item: iMac de r13
Id_ambiente: 1
Desc_ambiente: Consultório 01
Data: 04/07/2018 15:37:30.311

INFO beacon_localidade: 
Id_beacon: 7
data_beacon: 2018-07-04 15:35:25.806666
Id_item_monitorado: 3
Desc_Item: Televisão
Id_ambiente: 1
Desc_ambiente: Consultório 01
Data: 04/07/2018 15:37:30.311

INFO beacon_localidade: 
Id_beacon: 5
data_beacon: 2018-07-04 15:35:25.696666
Id_item_monitorado: 2
Desc_Item: MacBook de r13
Id_ambiente: 1
Desc_ambiente: Consultório 01
Data: 04/07/2018 15:37:30.311

INFO beacon_localidade: 
Id_beacon: 2
data_beacon: 2018-07-04 15:35:25.110000
Id_item_monitorado: 1
Desc_Item: iMac de r13
Id_ambiente: 1
Desc_ambiente: Consultório 01
Data: 04/07/2018 15:37:30.311

INFO beacon_localidade: 
Id_beacon: 7
data_beacon: 2018-07-04 15:35:14.990000
Id_item_monitorado: 3
Desc_Item: Televisão
Id_ambiente: 1
Desc_ambiente: Consultório 01
Data: 04/07/2018 15:37:30.312

INFO beacon_localidade: 
Id_beacon: 5
data_beacon: 2018-07-04 15:35:14.853333
Id_item_monitorado: 2
Desc_Item: MacBook de r13
Id_ambiente: 1
Desc_ambiente: Consultório 01
Data: 04/07/2018 15:37:30.312

INFO beacon_localidade: 
Id_beacon: 2
data_beacon: 2018-07-04 15:35:14.656666
Id_item_monitorado: 1
Desc_Item: iMac de r13
Id_ambiente: 1
Desc_ambiente: Consultório 01
Data: 04/07/2018 15:37:30.312

INFO beacon_localidade: 
Id_beacon: 7
data_beacon: 2018-07-04 15:35:04.530000
Id_item_monitorado: 3
Desc_Item: Televisão
Id_ambiente: 1
Desc_ambiente: Consultório 01
Data: 04/07/2018 15:37:30.312

INFO beacon_localidade: 
Id_beacon: 5
data_beacon: 2018-07-04 15:35:04.410000
Id_item_monitorado: 2
Desc_Item: MacBook de r13
Id_ambiente: 1
Desc_ambiente: Consultório 01
Data: 04/07/2018 15:37:30.312

INFO beacon_localidade: 
Id_beacon: 2
data_beacon: 2018-07-04 15:35:04.093333
Id_item_monitorado: 1
Desc_Item: iMac de r13
Id_ambiente: 1
Desc_ambiente: Consultório 01
Data: 04/07/2018 15:37:30.312

INFO beacon_localidade: 
Id_beacon: 7
data_beacon: 2018-07-04 15:34:53.956666
Id_item_monitorado: 3
Desc_Item: Televisão
Id_ambiente: 1
Desc_ambiente: Consultório 01
Data: 04/07/2018 15:37:30.312

INFO beacon_localidade: 
Id_beacon: 5
data_beacon: 2018-07-04 15:34:53.866666
Id_item_monitorado: 2
Desc_Item: MacBook de r13
Id_ambiente: 1
Desc_ambiente: Consultório 01
Data: 04/07/2018 15:37:30.312

INFO beacon_localidade: 
Id_beacon: 2
data_beacon: 2018-07-04 15:34:53.723333
Id_item_monitorado: 1
Desc_Item: iMac de r13
Id_ambiente: 1
Desc_ambiente: Consultório 01
Data: 04/07/2018 15:37:30.312

INFO beacon_localidade: 
Id_beacon: 7
data_beacon: 2018-07-04 15:34:43.616666
Id_item_monitorado: 3
Desc_Item: Televisão
Id_ambiente: 1
Desc_ambiente: Consultório 01
Data: 04/07/2018 15:37:30.312

INFO beacon_localidade: 
Id_beacon: 5
data_beacon: 2018-07-04 15:34:43.526666
Id_item_monitorado: 2
Desc_Item: MacBook de r13
Id_ambiente: 1
Desc_ambiente: Consultório 01
Data: 04/07/2018 15:37:30.312

INFO beacon_localidade: 
Id_beacon: 2
data_beacon: 2018-07-04 15:34:43.360000
Id_item_monitorado: 1
Desc_Item: iMac de r13
Id_ambiente: 1
Desc_ambiente: Consultório 01
Data: 04/07/2018 15:37:30.312

INFO beacon_localidade: 
Id_beacon: 7
data_beacon: 2018-07-04 15:34:33.230000
Id_item_monitorado: 3
Desc_Item: Televisão
Id_ambiente: 1
Desc_ambiente: Consultório 01
Data: 04/07/2018 15:37:30.312

INFO beacon_localidade: 
Id_beacon: 5
data_beacon: 2018-07-04 15:34:33.070000
Id_item_monitorado: 2
Desc_Item: MacBook de r13
Id_ambiente: 1
Desc_ambiente: Consultório 01
Data: 04/07/2018 15:37:30.312

INFO beacon_localidade: 
Id_beacon: 2
data_beacon: 2018-07-04 15:34:32.906666
Id_item_monitorado: 1
Desc_Item: iMac de r13
Id_ambiente: 1
Desc_ambiente: Consultório 01
Data: 04/07/2018 15:37:30.312

INFO beacon_localidade: 
Id_beacon: 7
data_beacon: 2018-07-04 15:34:22.793333
Id_item_monitorado: 3
Desc_Item: Televisão
Id_ambiente: 1
Desc_ambiente: Consultório 01
Data: 04/07/2018 15:37:30.312

INFO beacon_localidade: 
Id_beacon: 5
data_beacon: 2018-07-04 15:34:22.676666
Id_item_monitorado: 2
Desc_Item: MacBook de r13
Id_ambiente: 1
Desc_ambiente: Consultório 01
Data: 04/07/2018 15:37:30.312

INFO beacon_localidade: 
Id_beacon: 2
data_beacon: 2018-07-04 15:34:22.503333
Id_item_monitorado: 1
Desc_Item: iMac de r13
Id_ambiente: 1
Desc_ambiente: Consultório 01
Data: 04/07/2018 15:37:30.312

INFO beacon_localidade: 
Id_beacon: 7
data_beacon: 2018-07-04 15:34:12.393333
Id_item_monitorado: 3
Desc_Item: Televisão
Id_ambiente: 1
Desc_ambiente: Consultório 01
Data: 04/07/2018 15:37:30.312

INFO beacon_localidade: 
Id_beacon: 5
data_beacon: 2018-07-04 15:34:12.320000
Id_item_monitorado: 2
Desc_Item: MacBook de r13
Id_ambiente: 1
Desc_ambiente: Consultório 01
Data: 04/07/2018 15:37:30.313

INFO beacon_localidade: 
Id_beacon: 2
data_beacon: 2018-07-04 15:34:12.153333
Id_item_monitorado: 1
Desc_Item: iMac de r13
Id_ambiente: 1
Desc_ambiente: Consultório 01
Data: 04/07/2018 15:37:30.313

INFO beacon_localidade: 
Id_beacon: 7
data_beacon: 2018-07-04 15:34:01.966666
Id_item_monitorado: 3
Desc_Item: Televisão
Id_ambiente: 1
Desc_ambiente: Consultório 01
Data: 04/07/2018 15:37:30.313

INFO beacon_localidade: 
Id_beacon: 5
data_beacon: 2018-07-04 15:34:01.853333
Id_item_monitorado: 2
Desc_Item: MacBook de r13
Id_ambiente: 1
Desc_ambiente: Consultório 01
Data: 04/07/2018 15:37:30.313

INFO beacon_localidade: 
Id_beacon: 2
data_beacon: 2018-07-04 15:34:01.600000
Id_item_monitorado: 1
Desc_Item: iMac de r13
Id_ambiente: 1
Desc_ambiente: Consultório 01
Data: 04/07/2018 15:37:30.313

INFO beacon_localidade: 
Id_beacon: 7
data_beacon: 2018-07-04 15:33:51.416666
Id_item_monitorado: 3
Desc_Item: Televisão
Id_ambiente: 1
Desc_ambiente: Consultório 01
Data: 04/07/2018 15:37:30.313

INFO beacon_localidade: 
Id_beacon: 5
data_beacon: 2018-07-04 15:33:51.296666
Id_item_monitorado: 2
Desc_Item: MacBook de r13
Id_ambiente: 1
Desc_ambiente: Consultório 01
Data: 04/07/2018 15:37:30.313

INFO beacon_localidade: 
Id_beacon: 2
data_beacon: 2018-07-04 15:33:51.150000
Id_item_monitorado: 1
Desc_Item: iMac de r13
Id_ambiente: 1
Desc_ambiente: Consultório 01
Data: 04/07/2018 15:37:30.313

INFO beacon_localidade: 
Id_beacon: 7
data_beacon: 2018-07-04 15:33:41.010000
Id_item_monitorado: 3
Desc_Item: Televisão
Id_ambiente: 1
Desc_ambiente: Consultório 01
Data: 04/07/2018 15:37:30.313

INFO beacon_localidade: 
Id_beacon: 5
data_beacon: 2018-07-04 15:33:40.873333
Id_item_monitorado: 2
Desc_Item: MacBook de r13
Id_ambiente: 1
Desc_ambiente: Consultório 01
Data: 04/07/2018 15:37:30.313

INFO beacon_localidade: 
Id_beacon: 2
data_beacon: 2018-07-04 15:33:40.650000
Id_item_monitorado: 1
Desc_Item: iMac de r13
Id_ambiente: 1
Desc_ambiente: Consultório 01
Data: 04/07/2018 15:37:30.313

INFO beacon_localidade: 
Id_beacon: 7
data_beacon: 2018-07-04 15:33:30.543333
Id_item_monitorado: 3
Desc_Item: Televisão
Id_ambiente: 1
Desc_ambiente: Consultório 01
Data: 04/07/2018 15:37:30.313

INFO beacon_localidade: 
Id_beacon: 5
data_beacon: 2018-07-04 15:33:30.440000
Id_item_monitorado: 2
Desc_Item: MacBook de r13
Id_ambiente: 1
Desc_ambiente: Consultório 01
Data: 04/07/2018 15:37:30.313

INFO beacon_localidade: 
Id_beacon: 2
data_beacon: 2018-07-04 15:33:30.243333
Id_item_monitorado: 1
Desc_Item: iMac de r13
Id_ambiente: 1
Desc_ambiente: Consultório 01
Data: 04/07/2018 15:37:30.313

INFO beacon_localidade: 
Id_beacon: 7
data_beacon: 2018-07-04 15:33:20.120000
Id_item_monitorado: 3
Desc_Item: Televisão
Id_ambiente: 1
Desc_ambiente: Consultório 01
Data: 04/07/2018 15:37:30.313

INFO beacon_localidade: 
Id_beacon: 5
data_beacon: 2018-07-04 15:33:20.013333
Id_item_monitorado: 2
Desc_Item: MacBook de r13
Id_ambiente: 1
Desc_ambiente: Consultório 01
Data: 04/07/2018 15:37:30.313

INFO beacon_localidade: 
Id_beacon: 2
data_beacon: 2018-07-04 15:33:19.796666
Id_item_monitorado: 1
Desc_Item: iMac de r13
Id_ambiente: 1
Desc_ambiente: Consultório 01
Data: 04/07/2018 15:37:30.313

INFO beacon_localidade: 
Id_beacon: 7
data_beacon: 2018-07-04 15:33:09.660000
Id_item_monitorado: 3
Desc_Item: Televisão
Id_ambiente: 1
Desc_ambiente: Consultório 01
Data: 04/07/2018 15:37:30.313

INFO beacon_localidade: 
Id_beacon: 5
data_beacon: 2018-07-04 15:33:09.556666
Id_item_monitorado: 2
Desc_Item: MacBook de r13
Id_ambiente: 1
Desc_ambiente: Consultório 01
Data: 04/07/2018 15:37:30.313

INFO beacon_localidade: 
Id_beacon: 2
data_beacon: 2018-07-04 15:33:09.383333
Id_item_monitorado: 1
Desc_Item: iMac de r13
Id_ambiente: 1
Desc_ambiente: Consultório 01
Data: 04/07/2018 15:37:30.314

INFO beacon_localidade: 
Id_beacon: 7
data_beacon: 2018-07-04 15:32:59.260000
Id_item_monitorado: 3
Desc_Item: Televisão
Id_ambiente: 1
Desc_ambiente: Consultório 01
Data: 04/07/2018 15:37:30.314

INFO beacon_localidade: 
Id_beacon: 5
data_beacon: 2018-07-04 15:32:59.163333
Id_item_monitorado: 2
Desc_Item: MacBook de r13
Id_ambiente: 1
Desc_ambiente: Consultório 01
Data: 04/07/2018 15:37:30.314

INFO beacon_localidade: 
Id_beacon: 2
data_beacon: 2018-07-04 15:32:58.986666
Id_item_monitorado: 1
Desc_Item: iMac de r13
Id_ambiente: 1
Desc_ambiente: Consultório 01
Data: 04/07/2018 15:37:30.314

INFO beacon_localidade: 
Id_beacon: 7
data_beacon: 2018-07-04 15:32:48.876666
Id_item_monitorado: 3
Desc_Item: Televisão
Id_ambiente: 1
Desc_ambiente: Consultório 01
Data: 04/07/2018 15:37:30.314

INFO beacon_localidade: 
Id_beacon: 5
data_beacon: 2018-07-04 15:32:48.690000
Id_item_monitorado: 2
Desc_Item: MacBook de r13
Id_ambiente: 1
Desc_ambiente: Consultório 01
Data: 04/07/2018 15:37:30.314

INFO beacon_localidade: 
Id_beacon: 2
data_beacon: 2018-07-04 15:32:48.523333
Id_item_monitorado: 1
Desc_Item: iMac de r13
Id_ambiente: 1
Desc_ambiente: Consultório 01
Data: 04/07/2018 15:37:30.314

INFO beacon_localidade: 
Id_beacon: 7
data_beacon: 2018-07-04 15:32:38.343333
Id_item_monitorado: 3
Desc_Item: Televisão
Id_ambiente: 1
Desc_ambiente: Consultório 01
Data: 04/07/2018 15:37:30.314

INFO beacon_localidade: 
Id_beacon: 5
data_beacon: 2018-07-04 15:32:38.306666
Id_item_monitorado: 2
Desc_Item: MacBook de r13
Id_ambiente: 1
Desc_ambiente: Consultório 01
Data: 04/07/2018 15:37:30.314

INFO beacon_localidade: 
Id_beacon: 2
data_beacon: 2018-07-04 15:32:38.163333
Id_item_monitorado: 1
Desc_Item: iMac de r13
Id_ambiente: 1
Desc_ambiente: Consultório 01
Data: 04/07/2018 15:37:30.314

INFO beacon_localidade: 
Id_beacon: 7
data_beacon: 2018-07-04 15:32:28.096666
Id_item_monitorado: 3
Desc_Item: Televisão
Id_ambiente: 1
Desc_ambiente: Consultório 01
Data: 04/07/2018 15:37:30.314

INFO beacon_localidade: 
Id_beacon: 5
data_beacon: 2018-07-04 15:32:28.056666
Id_item_monitorado: 2
Desc_Item: MacBook de r13
Id_ambiente: 1
Desc_ambiente: Consultório 01
Data: 04/07/2018 15:37:30.314

INFO beacon_localidade: 
Id_beacon: 2
data_beacon: 2018-07-04 15:32:27.976666
Id_item_monitorado: 1
Desc_Item: iMac de r13
Id_ambiente: 1
Desc_ambiente: Consultório 01
Data: 04/07/2018 15:37:30.314

INFO beacon_localidade: 
Id_beacon: 7
data_beacon: 2018-07-04 15:32:17.886666
Id_item_monitorado: 3
Desc_Item: Televisão
Id_ambiente: 1
Desc_ambiente: Consultório 01
Data: 04/07/2018 15:37:30.314

INFO beacon_localidade: 
Id_beacon: 5
data_beacon: 2018-07-04 15:32:17.810000
Id_item_monitorado: 2
Desc_Item: MacBook de r13
Id_ambiente: 1
Desc_ambiente: Consultório 01
Data: 04/07/2018 15:37:30.314

INFO beacon_localidade: 
Id_beacon: 2
data_beacon: 2018-07-04 15:32:17.636666
Id_item_monitorado: 1
Desc_Item: iMac de r13
Id_ambiente: 1
Desc_ambiente: Consultório 01
Data: 04/07/2018 15:37:30.314

INFO beacon_localidade: 
Id_beacon: 7
data_beacon: 2018-07-04 15:32:07.526666
Id_item_monitorado: 3
Desc_Item: Televisão
Id_ambiente: 1
Desc_ambiente: Consultório 01
Data: 04/07/2018 15:37:30.314

INFO beacon_localidade: 
Id_beacon: 5
data_beacon: 2018-07-04 15:32:07.460000
Id_item_monitorado: 2
Desc_Item: MacBook de r13
Id_ambiente: 1
Desc_ambiente: Consultório 01
Data: 04/07/2018 15:37:30.314

INFO beacon_localidade: 
Id_beacon: 2
data_beacon: 2018-07-04 15:32:07.300000
Id_item_monitorado: 1
Desc_Item: iMac de r13
Id_ambiente: 1
Desc_ambiente: Consultório 01
Data: 04/07/2018 15:37:30.314

INFO beacon_localidade: 
Id_beacon: 7
data_beacon: 2018-07-04 15:31:57.180000
Id_item_monitorado: 3
Desc_Item: Televisão
Id_ambiente: 1
Desc_ambiente: Consultório 01
Data: 04/07/2018 15:37:30.314

INFO beacon_localidade: 
Id_beacon: 5
data_beacon: 2018-07-04 15:31:57.086666
Id_item_monitorado: 2
Desc_Item: MacBook de r13
Id_ambiente: 1
Desc_ambiente: Consultório 01
Data: 04/07/2018 15:37:30.315

INFO beacon_localidade: 
Id_beacon: 2
data_beacon: 2018-07-04 15:31:56.920000
Id_item_monitorado: 1
Desc_Item: iMac de r13
Id_ambiente: 1
Desc_ambiente: Consultório 01
Data: 04/07/2018 15:37:30.315

INFO beacon_localidade: 
Id_beacon: 7
data_beacon: 2018-07-04 15:31:46.673333
Id_item_monitorado: 3
Desc_Item: Televisão
Id_ambiente: 1
Desc_ambiente: Consultório 01
Data: 04/07/2018 15:37:30.315

INFO beacon_localidade: 
Id_beacon: 5
data_beacon: 2018-07-04 15:31:46.610000
Id_item_monitorado: 2
Desc_Item: MacBook de r13
Id_ambiente: 1
Desc_ambiente: Consultório 01
Data: 04/07/2018 15:37:30.315

INFO beacon_localidade: 
Id_beacon: 2
data_beacon: 2018-07-04 15:31:46.456666
Id_item_monitorado: 1
Desc_Item: iMac de r13
Id_ambiente: 1
Desc_ambiente: Consultório 01
Data: 04/07/2018 15:37:30.315

INFO beacon_localidade: 
Id_beacon: 7
data_beacon: 2018-07-04 15:31:36.363333
Id_item_monitorado: 3
Desc_Item: Televisão
Id_ambiente: 1
Desc_ambiente: Consultório 01
Data: 04/07/2018 15:37:30.315

