INFO leitura: 
Nova Leitura: 8178
Id receptor: 1
Beacons lidos: [2]
Data: 14/06/2018 15:18:27.271

INFO leitura: 
Nova Leitura: 8180
Id receptor: 3
Beacons lidos: [5, 2]
Data: 14/06/2018 15:18:28.229

INFO leitura: 
Nova Leitura: 8198
Id receptor: 1
Beacons lidos: [2]
Data: 14/06/2018 15:19:07.159

INFO leitura: 
Nova Leitura: 8200
Id receptor: 3
Beacons lidos: [2, 5]
Data: 14/06/2018 15:19:10.12

INFO leitura: 
Nova Leitura: 8202
Id receptor: 2
Beacons lidos: [5]
Data: 14/06/2018 15:19:11.611

INFO leitura: 
Nova Leitura: 8204
Id receptor: 1
Beacons lidos: [2]
Data: 14/06/2018 15:19:12.959

INFO leitura: 
Nova Leitura: 8206
Id receptor: 3
Beacons lidos: [5]
Data: 14/06/2018 15:19:17.69

INFO leitura: 
Nova Leitura: 8208
Id receptor: 1
Beacons lidos: [2]
Data: 14/06/2018 15:19:17.151

