INFO situacao_historico: 
Id beacon: 2
Id ambiente: 1
Posicao X: 864.07888
Posicao Y: 382.57284
Data: 14/06/2018 14:58:27.49

INFO situacao_historico: 
Id beacon: 4
Id ambiente: 1
Posicao X: 534.345058623
Posicao Y: 603.687930394
Data: 14/06/2018 14:58:27.116

INFO situacao_historico: 
Id beacon: 5
Id ambiente: 1
Posicao X: 450
Posicao Y: 530
Data: 14/06/2018 14:58:27.199

INFO situacao_historico: 
Id beacon: 7
Id ambiente: 1
Posicao X: 573.815374617
Posicao Y: 523.23590299
Data: 14/06/2018 14:58:27.299

INFO situacao_historico: 
Id beacon: 2
Id ambiente: 1
Posicao X: 800
Posicao Y: 0
Data: 25/06/2018 14:19:56.606

INFO situacao_historico: 
Id beacon: 4
Id ambiente: 1
Posicao X: 534.345058623
Posicao Y: 603.687930394
Data: 25/06/2018 14:19:56.764

INFO situacao_historico: 
Id beacon: 5
Id ambiente: 1
Posicao X: 450
Posicao Y: 530
Data: 25/06/2018 14:19:56.864

INFO situacao_historico: 
Id beacon: 7
Id ambiente: 1
Posicao X: 573.815374617
Posicao Y: 523.23590299
Data: 25/06/2018 14:19:56.931

INFO situacao_historico: 
Id beacon: 2
Id ambiente: 1
Posicao X: 800
Posicao Y: 0
Data: 25/06/2018 14:20:07.14

INFO situacao_historico: 
Id beacon: 4
Id ambiente: 1
Posicao X: 534.345058623
Posicao Y: 603.687930394
Data: 25/06/2018 14:20:07.70

INFO situacao_historico: 
Id beacon: 5
Id ambiente: 1
Posicao X: 450
Posicao Y: 530
Data: 25/06/2018 14:20:07.139

INFO situacao_historico: 
Id beacon: 7
Id ambiente: 1
Posicao X: 573.815374617
Posicao Y: 523.23590299
Data: 25/06/2018 14:20:07.197

INFO situacao_historico: 
Id beacon: 2
Id ambiente: 1
Posicao X: 800
Posicao Y: 0
Data: 25/06/2018 14:20:17.289

INFO situacao_historico: 
Id beacon: 4
Id ambiente: 1
Posicao X: 534.345058623
Posicao Y: 603.687930394
Data: 25/06/2018 14:20:17.339

INFO situacao_historico: 
Id beacon: 5
Id ambiente: 1
Posicao X: 450
Posicao Y: 530
Data: 25/06/2018 14:20:17.405

INFO situacao_historico: 
Id beacon: 7
Id ambiente: 1
Posicao X: 573.815374617
Posicao Y: 523.23590299
Data: 25/06/2018 14:20:17.464

INFO situacao_historico: 
Id beacon: 2
Id ambiente: 1
Posicao X: 800
Posicao Y: 0
Data: 25/06/2018 14:20:27.555

INFO situacao_historico: 
Id beacon: 4
Id ambiente: 1
Posicao X: 534.345058623
Posicao Y: 603.687930394
Data: 25/06/2018 14:20:27.614

INFO situacao_historico: 
Id beacon: 5
Id ambiente: 1
Posicao X: 450
Posicao Y: 530
Data: 25/06/2018 14:20:27.680

INFO situacao_historico: 
Id beacon: 7
Id ambiente: 1
Posicao X: 573.815374617
Posicao Y: 523.23590299
Data: 25/06/2018 14:20:27.739

INFO situacao_historico: 
Id beacon: 2
Id ambiente: 1
Posicao X: 800
Posicao Y: 0
Data: 25/06/2018 14:20:37.830

INFO situacao_historico: 
Id beacon: 4
Id ambiente: 1
Posicao X: 534.345058623
Posicao Y: 603.687930394
Data: 25/06/2018 14:20:37.880

INFO situacao_historico: 
Id beacon: 5
Id ambiente: 1
Posicao X: 450
Posicao Y: 530
Data: 25/06/2018 14:20:37.955

INFO situacao_historico: 
Id beacon: 7
Id ambiente: 1
Posicao X: 573.815374617
Posicao Y: 523.23590299
Data: 25/06/2018 14:20:38.14

INFO situacao_historico: 
Id beacon: 2
Id ambiente: 1
Posicao X: 800
Posicao Y: 0
Data: 25/06/2018 14:20:48.97

INFO situacao_historico: 
Id beacon: 4
Id ambiente: 1
Posicao X: 534.345058623
Posicao Y: 603.687930394
Data: 25/06/2018 14:20:48.146

INFO situacao_historico: 
Id beacon: 5
Id ambiente: 1
Posicao X: 450
Posicao Y: 530
Data: 25/06/2018 14:20:48.213

INFO situacao_historico: 
Id beacon: 7
Id ambiente: 1
Posicao X: 573.815374617
Posicao Y: 523.23590299
Data: 25/06/2018 14:20:48.271

INFO situacao_historico: 
Id beacon: 2
Id ambiente: 1
Posicao X: 800
Posicao Y: 0
Data: 25/06/2018 14:20:58.355

INFO situacao_historico: 
Id beacon: 4
Id ambiente: 1
Posicao X: 534.345058623
Posicao Y: 603.687930394
Data: 25/06/2018 14:20:58.405

INFO situacao_historico: 
Id beacon: 5
Id ambiente: 1
Posicao X: 450
Posicao Y: 530
Data: 25/06/2018 14:20:58.472

INFO situacao_historico: 
Id beacon: 7
Id ambiente: 1
Posicao X: 573.815374617
Posicao Y: 523.23590299
Data: 25/06/2018 14:20:58.530

INFO situacao_historico: 
Id beacon: 2
Id ambiente: 1
Posicao X: 800
Posicao Y: 0
Data: 25/06/2018 14:21:08.613

INFO situacao_historico: 
Id beacon: 4
Id ambiente: 1
Posicao X: 534.345058623
Posicao Y: 603.687930394
Data: 25/06/2018 14:21:08.663

INFO situacao_historico: 
Id beacon: 5
Id ambiente: 1
Posicao X: 450
Posicao Y: 530
Data: 25/06/2018 14:21:08.730

INFO situacao_historico: 
Id beacon: 7
Id ambiente: 1
Posicao X: 573.815374617
Posicao Y: 523.23590299
Data: 25/06/2018 14:21:08.788

INFO situacao_historico: 
Id beacon: 2
Id ambiente: 1
Posicao X: 800
Posicao Y: 0
Data: 25/06/2018 14:21:18.871

INFO situacao_historico: 
Id beacon: 4
Id ambiente: 1
Posicao X: 534.345058623
Posicao Y: 603.687930394
Data: 25/06/2018 14:21:18.921

INFO situacao_historico: 
Id beacon: 5
Id ambiente: 1
Posicao X: 450
Posicao Y: 530
Data: 25/06/2018 14:21:18.988

INFO situacao_historico: 
Id beacon: 7
Id ambiente: 1
Posicao X: 573.815374617
Posicao Y: 523.23590299
Data: 25/06/2018 14:21:19.63

INFO situacao_historico: 
Id beacon: 2
Id ambiente: 1
Posicao X: 800
Posicao Y: 0
Data: 25/06/2018 14:21:29.146

INFO situacao_historico: 
Id beacon: 4
Id ambiente: 1
Posicao X: 534.345058623
Posicao Y: 603.687930394
Data: 25/06/2018 14:21:29.196

INFO situacao_historico: 
Id beacon: 5
Id ambiente: 1
Posicao X: 450
Posicao Y: 530
Data: 25/06/2018 14:21:29.263

INFO situacao_historico: 
Id beacon: 7
Id ambiente: 1
Posicao X: 573.815374617
Posicao Y: 523.23590299
Data: 25/06/2018 14:21:29.329

INFO situacao_historico: 
Id beacon: 2
Id ambiente: 1
Posicao X: 800
Posicao Y: 0
Data: 25/06/2018 14:21:39.412

INFO situacao_historico: 
Id beacon: 4
Id ambiente: 1
Posicao X: 534.345058623
Posicao Y: 603.687930394
Data: 25/06/2018 14:21:39.462

INFO situacao_historico: 
Id beacon: 5
Id ambiente: 1
Posicao X: 450
Posicao Y: 530
Data: 25/06/2018 14:21:39.529

INFO situacao_historico: 
Id beacon: 7
Id ambiente: 1
Posicao X: 573.815374617
Posicao Y: 523.23590299
Data: 25/06/2018 14:21:39.587

INFO situacao_historico: 
Id beacon: 2
Id ambiente: 1
Posicao X: 800
Posicao Y: 0
Data: 25/06/2018 14:21:49.670

INFO situacao_historico: 
Id beacon: 4
Id ambiente: 1
Posicao X: 534.345058623
Posicao Y: 603.687930394
Data: 25/06/2018 14:21:49.745

INFO situacao_historico: 
Id beacon: 5
Id ambiente: 1
Posicao X: 450
Posicao Y: 530
Data: 25/06/2018 14:21:49.803

INFO situacao_historico: 
Id beacon: 7
Id ambiente: 1
Posicao X: 573.815374617
Posicao Y: 523.23590299
Data: 25/06/2018 14:21:49.853

INFO situacao_historico: 
Id beacon: 2
Id ambiente: 1
Posicao X: 800
Posicao Y: 0
Data: 25/06/2018 14:21:59.953

INFO situacao_historico: 
Id beacon: 4
Id ambiente: 1
Posicao X: 534.345058623
Posicao Y: 603.687930394
Data: 25/06/2018 14:21:59.995

INFO situacao_historico: 
Id beacon: 5
Id ambiente: 1
Posicao X: 450
Posicao Y: 530
Data: 25/06/2018 14:22:00.62

INFO situacao_historico: 
Id beacon: 7
Id ambiente: 1
Posicao X: 573.815374617
Posicao Y: 523.23590299
Data: 25/06/2018 14:22:00.112

INFO situacao_historico: 
Id beacon: 2
Id ambiente: 1
Posicao X: 800
Posicao Y: 0
Data: 25/06/2018 14:22:10.203

INFO situacao_historico: 
Id beacon: 4
Id ambiente: 1
Posicao X: 534.345058623
Posicao Y: 603.687930394
Data: 25/06/2018 14:22:10.270

INFO situacao_historico: 
Id beacon: 5
Id ambiente: 1
Posicao X: 450
Posicao Y: 530
Data: 25/06/2018 14:22:10.337

INFO situacao_historico: 
Id beacon: 7
Id ambiente: 1
Posicao X: 573.815374617
Posicao Y: 523.23590299
Data: 25/06/2018 14:22:10.395

INFO situacao_historico: 
Id beacon: 2
Id ambiente: 1
Posicao X: 800
Posicao Y: 0
Data: 25/06/2018 14:22:20.486

INFO situacao_historico: 
Id beacon: 4
Id ambiente: 1
Posicao X: 534.345058623
Posicao Y: 603.687930394
Data: 25/06/2018 14:22:20.553

INFO situacao_historico: 
Id beacon: 5
Id ambiente: 1
Posicao X: 450
Posicao Y: 530
Data: 25/06/2018 14:22:20.678

INFO situacao_historico: 
Id beacon: 7
Id ambiente: 1
Posicao X: 573.815374617
Posicao Y: 523.23590299
Data: 25/06/2018 14:22:20.737

INFO situacao_historico: 
Id beacon: 2
Id ambiente: 1
Posicao X: 800
Posicao Y: 0
Data: 25/06/2018 14:22:30.853

INFO situacao_historico: 
Id beacon: 4
Id ambiente: 1
Posicao X: 534.345058623
Posicao Y: 603.687930394
Data: 25/06/2018 14:22:30.936

INFO situacao_historico: 
Id beacon: 5
Id ambiente: 1
Posicao X: 450
Posicao Y: 530
Data: 25/06/2018 14:22:31.03

INFO situacao_historico: 
Id beacon: 7
Id ambiente: 1
Posicao X: 573.815374617
Posicao Y: 523.23590299
Data: 25/06/2018 14:22:31.61

INFO situacao_historico: 
Id beacon: 2
Id ambiente: 1
Posicao X: 800
Posicao Y: 0
Data: 25/06/2018 14:22:41.153

INFO situacao_historico: 
Id beacon: 4
Id ambiente: 1
Posicao X: 534.345058623
Posicao Y: 603.687930394
Data: 25/06/2018 14:22:41.219

INFO situacao_historico: 
Id beacon: 5
Id ambiente: 1
Posicao X: 450
Posicao Y: 530
Data: 25/06/2018 14:22:41.286

INFO situacao_historico: 
Id beacon: 7
Id ambiente: 1
Posicao X: 573.815374617
Posicao Y: 523.23590299
Data: 25/06/2018 14:22:41.345

INFO situacao_historico: 
Id beacon: 2
Id ambiente: 1
Posicao X: 800
Posicao Y: 0
Data: 25/06/2018 14:22:51.444

INFO situacao_historico: 
Id beacon: 4
Id ambiente: 1
Posicao X: 534.345058623
Posicao Y: 603.687930394
Data: 25/06/2018 14:22:51.494

INFO situacao_historico: 
Id beacon: 5
Id ambiente: 1
Posicao X: 450
Posicao Y: 530
Data: 25/06/2018 14:22:51.561

INFO situacao_historico: 
Id beacon: 7
Id ambiente: 1
Posicao X: 573.815374617
Posicao Y: 523.23590299
Data: 25/06/2018 14:22:51.619

INFO situacao_historico: 
Id beacon: 2
Id ambiente: 1
Posicao X: 800
Posicao Y: 0
Data: 25/06/2018 14:23:01.711

INFO situacao_historico: 
Id beacon: 4
Id ambiente: 1
Posicao X: 534.345058623
Posicao Y: 603.687930394
Data: 25/06/2018 14:23:01.761

INFO situacao_historico: 
Id beacon: 5
Id ambiente: 1
Posicao X: 450
Posicao Y: 530
Data: 25/06/2018 14:23:01.827

INFO situacao_historico: 
Id beacon: 7
Id ambiente: 1
Posicao X: 573.815374617
Posicao Y: 523.23590299
Data: 25/06/2018 14:23:01.886

INFO situacao_historico: 
Id beacon: 2
Id ambiente: 1
Posicao X: 800
Posicao Y: 0
Data: 25/06/2018 14:23:11.960

INFO situacao_historico: 
Id beacon: 4
Id ambiente: 1
Posicao X: 534.345058623
Posicao Y: 603.687930394
Data: 25/06/2018 14:23:12.11

INFO situacao_historico: 
Id beacon: 5
Id ambiente: 1
Posicao X: 450
Posicao Y: 530
Data: 25/06/2018 14:23:12.94

INFO situacao_historico: 
Id beacon: 7
Id ambiente: 1
Posicao X: 573.815374617
Posicao Y: 523.23590299
Data: 25/06/2018 14:23:12.152

INFO situacao_historico: 
Id beacon: 2
Id ambiente: 1
Posicao X: 800
Posicao Y: 0
Data: 25/06/2018 14:23:22.235

INFO situacao_historico: 
Id beacon: 4
Id ambiente: 1
Posicao X: 534.345058623
Posicao Y: 603.687930394
Data: 25/06/2018 14:23:22.285

INFO situacao_historico: 
Id beacon: 5
Id ambiente: 1
Posicao X: 450
Posicao Y: 530
Data: 25/06/2018 14:23:22.352

INFO situacao_historico: 
Id beacon: 7
Id ambiente: 1
Posicao X: 573.815374617
Posicao Y: 523.23590299
Data: 25/06/2018 14:23:22.410

